<?xml version="1.0" encoding="UTF-8"?>
<testng-results ignored="0" total="30" passed="27" failed="3" skipped="0">
  <reporter-output>
  </reporter-output>
  <suite started-at="2024-05-06T14:26:03 IST" name="Suite" finished-at="2024-05-06T14:29:53 IST" duration-ms="230062">
    <groups>
    </groups>
    <test started-at="2024-05-06T14:26:03 IST" name="Test" finished-at="2024-05-06T14:28:23 IST" duration-ms="140246">
      <class name="test.ResultPageTest">
        <test-method signature="genderFilter()[pri:5, instance:test.ResultPageTest@3a7442c7]" started-at="2024-05-06T14:26:53 IST" name="genderFilter" finished-at="2024-05-06T14:26:59 IST" duration-ms="5432" status="PASS">
          <reporter-output>
          </reporter-output>
        </test-method> <!-- genderFilter -->
        <test-method signature="patientStoriesFilter()[pri:6, instance:test.ResultPageTest@3a7442c7]" started-at="2024-05-06T14:26:59 IST" name="patientStoriesFilter" finished-at="2024-05-06T14:27:03 IST" duration-ms="4291" status="PASS">
          <reporter-output>
          </reporter-output>
        </test-method> <!-- patientStoriesFilter -->
        <test-method signature="experienceFilter()[pri:7, instance:test.ResultPageTest@3a7442c7]" started-at="2024-05-06T14:27:03 IST" name="experienceFilter" finished-at="2024-05-06T14:27:08 IST" duration-ms="4471" status="PASS">
          <reporter-output>
          </reporter-output>
        </test-method> <!-- experienceFilter -->
        <test-method signature="allFilters()[pri:8, instance:test.ResultPageTest@3a7442c7]" started-at="2024-05-06T14:27:08 IST" name="allFilters" finished-at="2024-05-06T14:27:14 IST" duration-ms="6457" status="PASS">
          <reporter-output>
          </reporter-output>
        </test-method> <!-- allFilters -->
        <test-method signature="shortByFilter()[pri:9, instance:test.ResultPageTest@3a7442c7]" started-at="2024-05-06T14:27:14 IST" name="shortByFilter" finished-at="2024-05-06T14:27:20 IST" duration-ms="5606" status="PASS">
          <reporter-output>
          </reporter-output>
        </test-method> <!-- shortByFilter -->
        <test-method signature="doctorDetails()[pri:11, instance:test.ResultPageTest@3a7442c7]" started-at="2024-05-06T14:27:20 IST" name="doctorDetails" finished-at="2024-05-06T14:27:23 IST" duration-ms="3835" status="PASS">
          <reporter-output>
          </reporter-output>
        </test-method> <!-- doctorDetails -->
        <test-method signature="navigatingToCorporate()[pri:12, instance:test.ResultPageTest@3a7442c7]" started-at="2024-05-06T14:27:23 IST" name="navigatingToCorporate" finished-at="2024-05-06T14:27:37 IST" duration-ms="13459" status="PASS">
          <reporter-output>
          </reporter-output>
        </test-method> <!-- navigatingToCorporate -->
      </class> <!-- test.ResultPageTest -->
      <class name="test.FindAndBookTest">
        <test-method signature="popularPlace(java.lang.String)[pri:3, instance:test.FindAndBookTest@6bbe85a8]" started-at="2024-05-06T14:26:44 IST" name="popularPlace" finished-at="2024-05-06T14:26:47 IST" duration-ms="3284" status="PASS">
          <params>
            <param index="0">
              <value>
                <![CDATA[Bangalore]]>
              </value>
            </param>
          </params>
          <reporter-output>
          </reporter-output>
        </test-method> <!-- popularPlace -->
        <test-method signature="speciality()[pri:4, instance:test.FindAndBookTest@6bbe85a8]" started-at="2024-05-06T14:26:47 IST" name="speciality" finished-at="2024-05-06T14:26:53 IST" duration-ms="6334" status="PASS">
          <reporter-output>
          </reporter-output>
        </test-method> <!-- speciality -->
      </class> <!-- test.FindAndBookTest -->
      <class name="test.FormPageTest">
        <test-method is-config="true" signature="settingup()[pri:0, instance:test.FormPageTest@2767e23c]" started-at="2024-05-06T14:27:37 IST" name="settingup" finished-at="2024-05-06T14:27:37 IST" duration-ms="281" status="PASS">
          <reporter-output>
          </reporter-output>
        </test-method> <!-- settingup -->
        <test-method signature="formtest(java.lang.String,java.lang.String,java.lang.String,java.lang.String,java.lang.String,java.lang.String,java.lang.String)[pri:13, instance:test.FormPageTest@2767e23c]" started-at="2024-05-06T14:27:37 IST" name="formtest" data-provider="formData" finished-at="2024-05-06T14:27:50 IST" duration-ms="12411" status="PASS">
          <params>
            <param index="0">
              <value>
                <![CDATA[positive]]>
              </value>
            </param>
            <param index="1">
              <value>
                <![CDATA[sirigiri]]>
              </value>
            </param>
            <param index="2">
              <value>
                <![CDATA[NewCognizant]]>
              </value>
            </param>
            <param index="3">
              <value>
                <![CDATA[9090904935]]>
              </value>
            </param>
            <param index="4">
              <value>
                <![CDATA[sirigiri@xyz.com]]>
              </value>
            </param>
            <param index="5">
              <value>
                <![CDATA[1001-5000]]>
              </value>
            </param>
            <param index="6">
              <value>
                <![CDATA[Referring someone]]>
              </value>
            </param>
          </params>
          <reporter-output>
          </reporter-output>
        </test-method> <!-- formtest -->
        <test-method signature="formtest(java.lang.String,java.lang.String,java.lang.String,java.lang.String,java.lang.String,java.lang.String,java.lang.String)[pri:13, instance:test.FormPageTest@2767e23c]" started-at="2024-05-06T14:27:50 IST" name="formtest" data-provider="formData" finished-at="2024-05-06T14:27:58 IST" duration-ms="8036" status="PASS">
          <params>
            <param index="0">
              <value>
                <![CDATA[negative]]>
              </value>
            </param>
            <param index="1">
              <value>
                <![CDATA[sirigiri]]>
              </value>
            </param>
            <param index="2">
              <value>
                <![CDATA[NewCognizant]]>
              </value>
            </param>
            <param index="3">
              <value>
                <![CDATA[90909049]]>
              </value>
            </param>
            <param index="4">
              <value>
                <![CDATA[sirigiri@xyz.com]]>
              </value>
            </param>
            <param index="5">
              <value>
                <![CDATA[1001-5000]]>
              </value>
            </param>
            <param index="6">
              <value>
                <![CDATA[Referring someone]]>
              </value>
            </param>
          </params>
          <reporter-output>
          </reporter-output>
        </test-method> <!-- formtest -->
        <test-method signature="formtest(java.lang.String,java.lang.String,java.lang.String,java.lang.String,java.lang.String,java.lang.String,java.lang.String)[pri:13, instance:test.FormPageTest@2767e23c]" started-at="2024-05-06T14:27:58 IST" name="formtest" data-provider="formData" finished-at="2024-05-06T14:28:04 IST" duration-ms="6212" status="PASS">
          <params>
            <param index="0">
              <value>
                <![CDATA[negative]]>
              </value>
            </param>
            <param index="1">
              <value>
                <![CDATA[sirigiri]]>
              </value>
            </param>
            <param index="2">
              <value>
                <![CDATA[NewCognizant]]>
              </value>
            </param>
            <param index="3">
              <value>
                <![CDATA[9090904935]]>
              </value>
            </param>
            <param index="4">
              <value>
                <![CDATA[sirigiri@xyz]]>
              </value>
            </param>
            <param index="5">
              <value>
                <![CDATA[1001-5000]]>
              </value>
            </param>
            <param index="6">
              <value>
                <![CDATA[Referring someone]]>
              </value>
            </param>
          </params>
          <reporter-output>
          </reporter-output>
        </test-method> <!-- formtest -->
        <test-method signature="tearDown()[pri:14, instance:test.FormPageTest@2767e23c]" started-at="2024-05-06T14:28:04 IST" name="tearDown" finished-at="2024-05-06T14:28:23 IST" duration-ms="19121" status="PASS">
          <reporter-output>
          </reporter-output>
        </test-method> <!-- tearDown -->
      </class> <!-- test.FormPageTest -->
      <class name="test.PractoHomeTest">
        <test-method signature="setUp(java.lang.String)[pri:1, instance:test.PractoHomeTest@3e27ba32]" started-at="2024-05-06T14:26:05 IST" name="setUp" finished-at="2024-05-06T14:26:36 IST" duration-ms="31382" status="PASS">
          <params>
            <param index="0">
              <value>
                <![CDATA[chrome]]>
              </value>
            </param>
          </params>
          <reporter-output>
          </reporter-output>
        </test-method> <!-- setUp -->
        <test-method signature="searchDoctor()[pri:2, instance:test.PractoHomeTest@3e27ba32]" started-at="2024-05-06T14:26:36 IST" name="searchDoctor" finished-at="2024-05-06T14:26:44 IST" duration-ms="7392" status="PASS">
          <reporter-output>
          </reporter-output>
        </test-method> <!-- searchDoctor -->
      </class> <!-- test.PractoHomeTest -->
    </test> <!-- Test -->
    <test started-at="2024-05-06T14:28:27 IST" name="Test2" finished-at="2024-05-06T14:29:53 IST" duration-ms="85851">
      <class name="test.ResultPageTest">
        <test-method signature="genderFilter()[pri:5, instance:test.ResultPageTest@4007f65e]" started-at="2024-05-06T14:29:07 IST" name="genderFilter" finished-at="2024-05-06T14:29:12 IST" duration-ms="5629" status="PASS">
          <reporter-output>
          </reporter-output>
        </test-method> <!-- genderFilter -->
        <test-method signature="patientStoriesFilter()[pri:6, instance:test.ResultPageTest@4007f65e]" started-at="2024-05-06T14:29:12 IST" name="patientStoriesFilter" finished-at="2024-05-06T14:29:17 IST" duration-ms="4435" status="PASS">
          <reporter-output>
          </reporter-output>
        </test-method> <!-- patientStoriesFilter -->
        <test-method signature="experienceFilter()[pri:7, instance:test.ResultPageTest@4007f65e]" started-at="2024-05-06T14:29:17 IST" name="experienceFilter" finished-at="2024-05-06T14:29:20 IST" duration-ms="2883" status="PASS">
          <reporter-output>
          </reporter-output>
        </test-method> <!-- experienceFilter -->
        <test-method signature="allFilters()[pri:8, instance:test.ResultPageTest@4007f65e]" started-at="2024-05-06T14:29:20 IST" name="allFilters" finished-at="2024-05-06T14:29:24 IST" duration-ms="3936" status="PASS">
          <reporter-output>
          </reporter-output>
        </test-method> <!-- allFilters -->
        <test-method signature="shortByFilter()[pri:9, instance:test.ResultPageTest@4007f65e]" started-at="2024-05-06T14:29:24 IST" name="shortByFilter" finished-at="2024-05-06T14:29:26 IST" duration-ms="2492" status="PASS">
          <reporter-output>
          </reporter-output>
        </test-method> <!-- shortByFilter -->
        <test-method signature="doctorDetails()[pri:11, instance:test.ResultPageTest@4007f65e]" started-at="2024-05-06T14:29:26 IST" name="doctorDetails" finished-at="2024-05-06T14:29:27 IST" duration-ms="647" status="PASS">
          <reporter-output>
          </reporter-output>
        </test-method> <!-- doctorDetails -->
        <test-method signature="navigatingToCorporate()[pri:12, instance:test.ResultPageTest@4007f65e]" started-at="2024-05-06T14:29:27 IST" name="navigatingToCorporate" finished-at="2024-05-06T14:29:35 IST" duration-ms="8474" status="PASS">
          <reporter-output>
          </reporter-output>
        </test-method> <!-- navigatingToCorporate -->
      </class> <!-- test.ResultPageTest -->
      <class name="test.FindAndBookTest">
        <test-method signature="popularPlace(java.lang.String)[pri:3, instance:test.FindAndBookTest@6f01b95f]" started-at="2024-05-06T14:28:54 IST" name="popularPlace" finished-at="2024-05-06T14:29:01 IST" duration-ms="6831" status="PASS">
          <params>
            <param index="0">
              <value>
                <![CDATA[Pune]]>
              </value>
            </param>
          </params>
          <reporter-output>
          </reporter-output>
        </test-method> <!-- popularPlace -->
        <test-method signature="speciality()[pri:4, instance:test.FindAndBookTest@6f01b95f]" started-at="2024-05-06T14:29:01 IST" name="speciality" finished-at="2024-05-06T14:29:07 IST" duration-ms="5828" status="PASS">
          <reporter-output>
          </reporter-output>
        </test-method> <!-- speciality -->
      </class> <!-- test.FindAndBookTest -->
      <class name="test.FormPageTest">
        <test-method is-config="true" signature="settingup()[pri:0, instance:test.FormPageTest@1a245833]" started-at="2024-05-06T14:29:35 IST" name="settingup" finished-at="2024-05-06T14:29:35 IST" duration-ms="72" status="PASS">
          <reporter-output>
          </reporter-output>
        </test-method> <!-- settingup -->
        <test-method signature="formtest(java.lang.String,java.lang.String,java.lang.String,java.lang.String,java.lang.String,java.lang.String,java.lang.String)[pri:13, instance:test.FormPageTest@1a245833]" started-at="2024-05-06T14:29:35 IST" name="formtest" data-provider="formData" finished-at="2024-05-06T14:29:42 IST" duration-ms="6844" status="FAIL">
          <params>
            <param index="0">
              <value>
                <![CDATA[positive]]>
              </value>
            </param>
            <param index="1">
              <value>
                <![CDATA[sirigiri]]>
              </value>
            </param>
            <param index="2">
              <value>
                <![CDATA[NewCognizant]]>
              </value>
            </param>
            <param index="3">
              <value>
                <![CDATA[9090904935]]>
              </value>
            </param>
            <param index="4">
              <value>
                <![CDATA[sirigiri@xyz.com]]>
              </value>
            </param>
            <param index="5">
              <value>
                <![CDATA[1001-5000]]>
              </value>
            </param>
            <param index="6">
              <value>
                <![CDATA[Referring someone]]>
              </value>
            </param>
          </params>
          <exception class="org.openqa.selenium.NoSuchWindowException">
            <message>
              <![CDATA[no such window: target window already closed
from unknown error: web view not found
  (Session info: MicrosoftEdge=124.0.2478.67)
Build info: version: '4.19.1', revision: 'abe0ee07dc'
System info: os.name: 'Windows 11', os.arch: 'amd64', os.version: '10.0', java.version: '17.0.10'
Driver info: org.openqa.selenium.edge.EdgeDriver
Command: [5400d7a4a06b21224a0476b070c0136d, findElement {value=//select[@id='organizationSize'], using=xpath}]
Capabilities {acceptInsecureCerts: false, browserName: MicrosoftEdge, browserVersion: 124.0.2478.67, fedcm:accounts: true, ms:edgeOptions: {debuggerAddress: localhost:51851}, msedge: {msedgedriverVersion: 124.0.2478.80 (b05b378d1705..., userDataDir: C:\Windows\SystemTemp\scope...}, networkConnectionEnabled: false, pageLoadStrategy: normal, platformName: windows, proxy: Proxy(), se:cdp: ws://localhost:51851/devtoo..., se:cdpVersion: 124.0.2478.67, setWindowRect: true, strictFileInteractability: false, timeouts: {implicit: 0, pageLoad: 300000, script: 30000}, unhandledPromptBehavior: dismiss and notify, webauthn:extension:credBlob: true, webauthn:extension:largeBlob: true, webauthn:extension:minPinLength: true, webauthn:extension:prf: true, webauthn:virtualAuthenticators: true}
Session ID: 5400d7a4a06b21224a0476b070c0136d]]>
            </message>
            <full-stacktrace>
              <![CDATA[org.openqa.selenium.NoSuchWindowException: no such window: target window already closed
from unknown error: web view not found
  (Session info: MicrosoftEdge=124.0.2478.67)
Build info: version: '4.19.1', revision: 'abe0ee07dc'
System info: os.name: 'Windows 11', os.arch: 'amd64', os.version: '10.0', java.version: '17.0.10'
Driver info: org.openqa.selenium.edge.EdgeDriver
Command: [5400d7a4a06b21224a0476b070c0136d, findElement {value=//select[@id='organizationSize'], using=xpath}]
Capabilities {acceptInsecureCerts: false, browserName: MicrosoftEdge, browserVersion: 124.0.2478.67, fedcm:accounts: true, ms:edgeOptions: {debuggerAddress: localhost:51851}, msedge: {msedgedriverVersion: 124.0.2478.80 (b05b378d1705..., userDataDir: C:\Windows\SystemTemp\scope...}, networkConnectionEnabled: false, pageLoadStrategy: normal, platformName: windows, proxy: Proxy(), se:cdp: ws://localhost:51851/devtoo..., se:cdpVersion: 124.0.2478.67, setWindowRect: true, strictFileInteractability: false, timeouts: {implicit: 0, pageLoad: 300000, script: 30000}, unhandledPromptBehavior: dismiss and notify, webauthn:extension:credBlob: true, webauthn:extension:largeBlob: true, webauthn:extension:minPinLength: true, webauthn:extension:prf: true, webauthn:virtualAuthenticators: true}
Session ID: 5400d7a4a06b21224a0476b070c0136d
at java.base/jdk.internal.reflect.NativeConstructorAccessorImpl.newInstance0(Native Method)
at java.base/jdk.internal.reflect.NativeConstructorAccessorImpl.newInstance(NativeConstructorAccessorImpl.java:77)
at java.base/jdk.internal.reflect.DelegatingConstructorAccessorImpl.newInstance(DelegatingConstructorAccessorImpl.java:45)
at java.base/java.lang.reflect.Constructor.newInstanceWithCaller(Constructor.java:499)
at java.base/java.lang.reflect.Constructor.newInstance(Constructor.java:480)
at org.openqa.selenium.remote.ErrorCodec.decode(ErrorCodec.java:167)
at org.openqa.selenium.remote.codec.w3c.W3CHttpResponseCodec.decode(W3CHttpResponseCodec.java:138)
at org.openqa.selenium.remote.codec.w3c.W3CHttpResponseCodec.decode(W3CHttpResponseCodec.java:50)
at org.openqa.selenium.remote.HttpCommandExecutor.execute(HttpCommandExecutor.java:190)
at org.openqa.selenium.remote.service.DriverCommandExecutor.invokeExecute(DriverCommandExecutor.java:216)
at org.openqa.selenium.remote.service.DriverCommandExecutor.execute(DriverCommandExecutor.java:174)
at org.openqa.selenium.remote.RemoteWebDriver.execute(RemoteWebDriver.java:518)
at org.openqa.selenium.remote.ElementLocation$ElementFinder$2.findElement(ElementLocation.java:165)
at org.openqa.selenium.remote.ElementLocation.findElement(ElementLocation.java:59)
at org.openqa.selenium.remote.RemoteWebDriver.findElement(RemoteWebDriver.java:355)
at org.openqa.selenium.remote.RemoteWebDriver.findElement(RemoteWebDriver.java:349)
at org.openqa.selenium.support.pagefactory.DefaultElementLocator.findElement(DefaultElementLocator.java:68)
at org.openqa.selenium.support.pagefactory.internal.LocatingElementHandler.invoke(LocatingElementHandler.java:38)
at jdk.proxy2/jdk.proxy2.$Proxy15.getTagName(Unknown Source)
at org.openqa.selenium.support.ui.Select.<init>(Select.java:43)
at pajeObjectModel.FormPage.formtester(FormPage.java:53)
at test.FormPageTest.formtest(FormPageTest.java:24)
at java.base/jdk.internal.reflect.NativeMethodAccessorImpl.invoke0(Native Method)
at java.base/jdk.internal.reflect.NativeMethodAccessorImpl.invoke(NativeMethodAccessorImpl.java:77)
at java.base/jdk.internal.reflect.DelegatingMethodAccessorImpl.invoke(DelegatingMethodAccessorImpl.java:43)
at java.base/java.lang.reflect.Method.invoke(Method.java:568)
at org.testng.internal.invokers.MethodInvocationHelper.invokeMethod(MethodInvocationHelper.java:141)
at org.testng.internal.invokers.TestInvoker.invokeMethod(TestInvoker.java:686)
at org.testng.internal.invokers.TestInvoker.invokeTestMethod(TestInvoker.java:230)
at org.testng.internal.invokers.MethodRunner.runInSequence(MethodRunner.java:63)
at org.testng.internal.invokers.TestInvoker$MethodInvocationAgent.invoke(TestInvoker.java:992)
at org.testng.internal.invokers.TestInvoker.invokeTestMethods(TestInvoker.java:203)
at org.testng.internal.invokers.TestMethodWorker.invokeTestMethods(TestMethodWorker.java:154)
at org.testng.internal.invokers.TestMethodWorker.run(TestMethodWorker.java:134)
at java.base/java.util.ArrayList.forEach(ArrayList.java:1511)
at org.testng.TestRunner.privateRun(TestRunner.java:739)
at org.testng.TestRunner.run(TestRunner.java:614)
at org.testng.SuiteRunner.runTest(SuiteRunner.java:421)
at org.testng.SuiteRunner.runSequentially(SuiteRunner.java:413)
at org.testng.SuiteRunner.privateRun(SuiteRunner.java:373)
at org.testng.SuiteRunner.run(SuiteRunner.java:312)
at org.testng.SuiteRunnerWorker.runSuite(SuiteRunnerWorker.java:52)
at org.testng.SuiteRunnerWorker.run(SuiteRunnerWorker.java:95)
at org.testng.TestNG.runSuitesSequentially(TestNG.java:1274)
at org.testng.TestNG.runSuitesLocally(TestNG.java:1208)
at org.testng.TestNG.runSuites(TestNG.java:1112)
at org.testng.TestNG.run(TestNG.java:1079)
at org.testng.remote.AbstractRemoteTestNG.run(AbstractRemoteTestNG.java:115)
at org.testng.remote.RemoteTestNG.initAndRun(RemoteTestNG.java:293)
at org.testng.remote.RemoteTestNG.main(RemoteTestNG.java:91)
]]>
            </full-stacktrace>
          </exception> <!-- org.openqa.selenium.NoSuchWindowException -->
          <reporter-output>
          </reporter-output>
        </test-method> <!-- formtest -->
        <test-method signature="formtest(java.lang.String,java.lang.String,java.lang.String,java.lang.String,java.lang.String,java.lang.String,java.lang.String)[pri:13, instance:test.FormPageTest@1a245833]" started-at="2024-05-06T14:29:42 IST" name="formtest" data-provider="formData" finished-at="2024-05-06T14:29:42 IST" duration-ms="9" status="FAIL">
          <params>
            <param index="0">
              <value>
                <![CDATA[negative]]>
              </value>
            </param>
            <param index="1">
              <value>
                <![CDATA[sirigiri]]>
              </value>
            </param>
            <param index="2">
              <value>
                <![CDATA[NewCognizant]]>
              </value>
            </param>
            <param index="3">
              <value>
                <![CDATA[90909049]]>
              </value>
            </param>
            <param index="4">
              <value>
                <![CDATA[sirigiri@xyz.com]]>
              </value>
            </param>
            <param index="5">
              <value>
                <![CDATA[1001-5000]]>
              </value>
            </param>
            <param index="6">
              <value>
                <![CDATA[Referring someone]]>
              </value>
            </param>
          </params>
          <exception class="org.openqa.selenium.NoSuchWindowException">
            <message>
              <![CDATA[no such window: target window already closed
from unknown error: web view not found
  (Session info: MicrosoftEdge=124.0.2478.67)
Build info: version: '4.19.1', revision: 'abe0ee07dc'
System info: os.name: 'Windows 11', os.arch: 'amd64', os.version: '10.0', java.version: '17.0.10'
Driver info: org.openqa.selenium.edge.EdgeDriver
Command: [5400d7a4a06b21224a0476b070c0136d, screenshot {}]
Capabilities {acceptInsecureCerts: false, browserName: MicrosoftEdge, browserVersion: 124.0.2478.67, fedcm:accounts: true, ms:edgeOptions: {debuggerAddress: localhost:51851}, msedge: {msedgedriverVersion: 124.0.2478.80 (b05b378d1705..., userDataDir: C:\Windows\SystemTemp\scope...}, networkConnectionEnabled: false, pageLoadStrategy: normal, platformName: windows, proxy: Proxy(), se:cdp: ws://localhost:51851/devtoo..., se:cdpVersion: 124.0.2478.67, setWindowRect: true, strictFileInteractability: false, timeouts: {implicit: 0, pageLoad: 300000, script: 30000}, unhandledPromptBehavior: dismiss and notify, webauthn:extension:credBlob: true, webauthn:extension:largeBlob: true, webauthn:extension:minPinLength: true, webauthn:extension:prf: true, webauthn:virtualAuthenticators: true}
Session ID: 5400d7a4a06b21224a0476b070c0136d]]>
            </message>
            <full-stacktrace>
              <![CDATA[org.openqa.selenium.NoSuchWindowException: no such window: target window already closed
from unknown error: web view not found
  (Session info: MicrosoftEdge=124.0.2478.67)
Build info: version: '4.19.1', revision: 'abe0ee07dc'
System info: os.name: 'Windows 11', os.arch: 'amd64', os.version: '10.0', java.version: '17.0.10'
Driver info: org.openqa.selenium.edge.EdgeDriver
Command: [5400d7a4a06b21224a0476b070c0136d, screenshot {}]
Capabilities {acceptInsecureCerts: false, browserName: MicrosoftEdge, browserVersion: 124.0.2478.67, fedcm:accounts: true, ms:edgeOptions: {debuggerAddress: localhost:51851}, msedge: {msedgedriverVersion: 124.0.2478.80 (b05b378d1705..., userDataDir: C:\Windows\SystemTemp\scope...}, networkConnectionEnabled: false, pageLoadStrategy: normal, platformName: windows, proxy: Proxy(), se:cdp: ws://localhost:51851/devtoo..., se:cdpVersion: 124.0.2478.67, setWindowRect: true, strictFileInteractability: false, timeouts: {implicit: 0, pageLoad: 300000, script: 30000}, unhandledPromptBehavior: dismiss and notify, webauthn:extension:credBlob: true, webauthn:extension:largeBlob: true, webauthn:extension:minPinLength: true, webauthn:extension:prf: true, webauthn:virtualAuthenticators: true}
Session ID: 5400d7a4a06b21224a0476b070c0136d
at java.base/jdk.internal.reflect.NativeConstructorAccessorImpl.newInstance0(Native Method)
at java.base/jdk.internal.reflect.NativeConstructorAccessorImpl.newInstance(NativeConstructorAccessorImpl.java:77)
at java.base/jdk.internal.reflect.DelegatingConstructorAccessorImpl.newInstance(DelegatingConstructorAccessorImpl.java:45)
at java.base/java.lang.reflect.Constructor.newInstanceWithCaller(Constructor.java:499)
at java.base/java.lang.reflect.Constructor.newInstance(Constructor.java:480)
at org.openqa.selenium.remote.ErrorCodec.decode(ErrorCodec.java:167)
at org.openqa.selenium.remote.codec.w3c.W3CHttpResponseCodec.decode(W3CHttpResponseCodec.java:138)
at org.openqa.selenium.remote.codec.w3c.W3CHttpResponseCodec.decode(W3CHttpResponseCodec.java:50)
at org.openqa.selenium.remote.HttpCommandExecutor.execute(HttpCommandExecutor.java:190)
at org.openqa.selenium.remote.service.DriverCommandExecutor.invokeExecute(DriverCommandExecutor.java:216)
at org.openqa.selenium.remote.service.DriverCommandExecutor.execute(DriverCommandExecutor.java:174)
at org.openqa.selenium.remote.RemoteWebDriver.execute(RemoteWebDriver.java:518)
at org.openqa.selenium.remote.RemoteWebDriver.execute(RemoteWebDriver.java:591)
at org.openqa.selenium.remote.RemoteWebDriver.execute(RemoteWebDriver.java:595)
at org.openqa.selenium.remote.RemoteWebDriver.getScreenshotAs(RemoteWebDriver.java:321)
at pajeObjectModel.Mydriver.screenShot(Mydriver.java:53)
at pajeObjectModel.FormPage.formtester(FormPage.java:45)
at test.FormPageTest.formtest(FormPageTest.java:24)
at java.base/jdk.internal.reflect.NativeMethodAccessorImpl.invoke0(Native Method)
at java.base/jdk.internal.reflect.NativeMethodAccessorImpl.invoke(NativeMethodAccessorImpl.java:77)
at java.base/jdk.internal.reflect.DelegatingMethodAccessorImpl.invoke(DelegatingMethodAccessorImpl.java:43)
at java.base/java.lang.reflect.Method.invoke(Method.java:568)
at org.testng.internal.invokers.MethodInvocationHelper.invokeMethod(MethodInvocationHelper.java:141)
at org.testng.internal.invokers.TestInvoker.invokeMethod(TestInvoker.java:686)
at org.testng.internal.invokers.TestInvoker.invokeTestMethod(TestInvoker.java:230)
at org.testng.internal.invokers.MethodRunner.runInSequence(MethodRunner.java:63)
at org.testng.internal.invokers.TestInvoker$MethodInvocationAgent.invoke(TestInvoker.java:992)
at org.testng.internal.invokers.TestInvoker.invokeTestMethods(TestInvoker.java:203)
at org.testng.internal.invokers.TestMethodWorker.invokeTestMethods(TestMethodWorker.java:154)
at org.testng.internal.invokers.TestMethodWorker.run(TestMethodWorker.java:134)
at java.base/java.util.ArrayList.forEach(ArrayList.java:1511)
at org.testng.TestRunner.privateRun(TestRunner.java:739)
at org.testng.TestRunner.run(TestRunner.java:614)
at org.testng.SuiteRunner.runTest(SuiteRunner.java:421)
at org.testng.SuiteRunner.runSequentially(SuiteRunner.java:413)
at org.testng.SuiteRunner.privateRun(SuiteRunner.java:373)
at org.testng.SuiteRunner.run(SuiteRunner.java:312)
at org.testng.SuiteRunnerWorker.runSuite(SuiteRunnerWorker.java:52)
at org.testng.SuiteRunnerWorker.run(SuiteRunnerWorker.java:95)
at org.testng.TestNG.runSuitesSequentially(TestNG.java:1274)
at org.testng.TestNG.runSuitesLocally(TestNG.java:1208)
at org.testng.TestNG.runSuites(TestNG.java:1112)
at org.testng.TestNG.run(TestNG.java:1079)
at org.testng.remote.AbstractRemoteTestNG.run(AbstractRemoteTestNG.java:115)
at org.testng.remote.RemoteTestNG.initAndRun(RemoteTestNG.java:293)
at org.testng.remote.RemoteTestNG.main(RemoteTestNG.java:91)
]]>
            </full-stacktrace>
          </exception> <!-- org.openqa.selenium.NoSuchWindowException -->
          <reporter-output>
          </reporter-output>
        </test-method> <!-- formtest -->
        <test-method signature="formtest(java.lang.String,java.lang.String,java.lang.String,java.lang.String,java.lang.String,java.lang.String,java.lang.String)[pri:13, instance:test.FormPageTest@1a245833]" started-at="2024-05-06T14:29:42 IST" name="formtest" data-provider="formData" finished-at="2024-05-06T14:29:42 IST" duration-ms="14" status="FAIL">
          <params>
            <param index="0">
              <value>
                <![CDATA[negative]]>
              </value>
            </param>
            <param index="1">
              <value>
                <![CDATA[sirigiri]]>
              </value>
            </param>
            <param index="2">
              <value>
                <![CDATA[NewCognizant]]>
              </value>
            </param>
            <param index="3">
              <value>
                <![CDATA[9090904935]]>
              </value>
            </param>
            <param index="4">
              <value>
                <![CDATA[sirigiri@xyz]]>
              </value>
            </param>
            <param index="5">
              <value>
                <![CDATA[1001-5000]]>
              </value>
            </param>
            <param index="6">
              <value>
                <![CDATA[Referring someone]]>
              </value>
            </param>
          </params>
          <exception class="org.openqa.selenium.NoSuchWindowException">
            <message>
              <![CDATA[no such window: target window already closed
from unknown error: web view not found
  (Session info: MicrosoftEdge=124.0.2478.67)
Build info: version: '4.19.1', revision: 'abe0ee07dc'
System info: os.name: 'Windows 11', os.arch: 'amd64', os.version: '10.0', java.version: '17.0.10'
Driver info: org.openqa.selenium.edge.EdgeDriver
Command: [5400d7a4a06b21224a0476b070c0136d, screenshot {}]
Capabilities {acceptInsecureCerts: false, browserName: MicrosoftEdge, browserVersion: 124.0.2478.67, fedcm:accounts: true, ms:edgeOptions: {debuggerAddress: localhost:51851}, msedge: {msedgedriverVersion: 124.0.2478.80 (b05b378d1705..., userDataDir: C:\Windows\SystemTemp\scope...}, networkConnectionEnabled: false, pageLoadStrategy: normal, platformName: windows, proxy: Proxy(), se:cdp: ws://localhost:51851/devtoo..., se:cdpVersion: 124.0.2478.67, setWindowRect: true, strictFileInteractability: false, timeouts: {implicit: 0, pageLoad: 300000, script: 30000}, unhandledPromptBehavior: dismiss and notify, webauthn:extension:credBlob: true, webauthn:extension:largeBlob: true, webauthn:extension:minPinLength: true, webauthn:extension:prf: true, webauthn:virtualAuthenticators: true}
Session ID: 5400d7a4a06b21224a0476b070c0136d]]>
            </message>
            <full-stacktrace>
              <![CDATA[org.openqa.selenium.NoSuchWindowException: no such window: target window already closed
from unknown error: web view not found
  (Session info: MicrosoftEdge=124.0.2478.67)
Build info: version: '4.19.1', revision: 'abe0ee07dc'
System info: os.name: 'Windows 11', os.arch: 'amd64', os.version: '10.0', java.version: '17.0.10'
Driver info: org.openqa.selenium.edge.EdgeDriver
Command: [5400d7a4a06b21224a0476b070c0136d, screenshot {}]
Capabilities {acceptInsecureCerts: false, browserName: MicrosoftEdge, browserVersion: 124.0.2478.67, fedcm:accounts: true, ms:edgeOptions: {debuggerAddress: localhost:51851}, msedge: {msedgedriverVersion: 124.0.2478.80 (b05b378d1705..., userDataDir: C:\Windows\SystemTemp\scope...}, networkConnectionEnabled: false, pageLoadStrategy: normal, platformName: windows, proxy: Proxy(), se:cdp: ws://localhost:51851/devtoo..., se:cdpVersion: 124.0.2478.67, setWindowRect: true, strictFileInteractability: false, timeouts: {implicit: 0, pageLoad: 300000, script: 30000}, unhandledPromptBehavior: dismiss and notify, webauthn:extension:credBlob: true, webauthn:extension:largeBlob: true, webauthn:extension:minPinLength: true, webauthn:extension:prf: true, webauthn:virtualAuthenticators: true}
Session ID: 5400d7a4a06b21224a0476b070c0136d
at java.base/jdk.internal.reflect.NativeConstructorAccessorImpl.newInstance0(Native Method)
at java.base/jdk.internal.reflect.NativeConstructorAccessorImpl.newInstance(NativeConstructorAccessorImpl.java:77)
at java.base/jdk.internal.reflect.DelegatingConstructorAccessorImpl.newInstance(DelegatingConstructorAccessorImpl.java:45)
at java.base/java.lang.reflect.Constructor.newInstanceWithCaller(Constructor.java:499)
at java.base/java.lang.reflect.Constructor.newInstance(Constructor.java:480)
at org.openqa.selenium.remote.ErrorCodec.decode(ErrorCodec.java:167)
at org.openqa.selenium.remote.codec.w3c.W3CHttpResponseCodec.decode(W3CHttpResponseCodec.java:138)
at org.openqa.selenium.remote.codec.w3c.W3CHttpResponseCodec.decode(W3CHttpResponseCodec.java:50)
at org.openqa.selenium.remote.HttpCommandExecutor.execute(HttpCommandExecutor.java:190)
at org.openqa.selenium.remote.service.DriverCommandExecutor.invokeExecute(DriverCommandExecutor.java:216)
at org.openqa.selenium.remote.service.DriverCommandExecutor.execute(DriverCommandExecutor.java:174)
at org.openqa.selenium.remote.RemoteWebDriver.execute(RemoteWebDriver.java:518)
at org.openqa.selenium.remote.RemoteWebDriver.execute(RemoteWebDriver.java:591)
at org.openqa.selenium.remote.RemoteWebDriver.execute(RemoteWebDriver.java:595)
at org.openqa.selenium.remote.RemoteWebDriver.getScreenshotAs(RemoteWebDriver.java:321)
at pajeObjectModel.Mydriver.screenShot(Mydriver.java:53)
at pajeObjectModel.FormPage.formtester(FormPage.java:45)
at test.FormPageTest.formtest(FormPageTest.java:24)
at java.base/jdk.internal.reflect.NativeMethodAccessorImpl.invoke0(Native Method)
at java.base/jdk.internal.reflect.NativeMethodAccessorImpl.invoke(NativeMethodAccessorImpl.java:77)
at java.base/jdk.internal.reflect.DelegatingMethodAccessorImpl.invoke(DelegatingMethodAccessorImpl.java:43)
at java.base/java.lang.reflect.Method.invoke(Method.java:568)
at org.testng.internal.invokers.MethodInvocationHelper.invokeMethod(MethodInvocationHelper.java:141)
at org.testng.internal.invokers.TestInvoker.invokeMethod(TestInvoker.java:686)
at org.testng.internal.invokers.TestInvoker.invokeTestMethod(TestInvoker.java:230)
at org.testng.internal.invokers.MethodRunner.runInSequence(MethodRunner.java:63)
at org.testng.internal.invokers.TestInvoker$MethodInvocationAgent.invoke(TestInvoker.java:992)
at org.testng.internal.invokers.TestInvoker.invokeTestMethods(TestInvoker.java:203)
at org.testng.internal.invokers.TestMethodWorker.invokeTestMethods(TestMethodWorker.java:154)
at org.testng.internal.invokers.TestMethodWorker.run(TestMethodWorker.java:134)
at java.base/java.util.ArrayList.forEach(ArrayList.java:1511)
at org.testng.TestRunner.privateRun(TestRunner.java:739)
at org.testng.TestRunner.run(TestRunner.java:614)
at org.testng.SuiteRunner.runTest(SuiteRunner.java:421)
at org.testng.SuiteRunner.runSequentially(SuiteRunner.java:413)
at org.testng.SuiteRunner.privateRun(SuiteRunner.java:373)
at org.testng.SuiteRunner.run(SuiteRunner.java:312)
at org.testng.SuiteRunnerWorker.runSuite(SuiteRunnerWorker.java:52)
at org.testng.SuiteRunnerWorker.run(SuiteRunnerWorker.java:95)
at org.testng.TestNG.runSuitesSequentially(TestNG.java:1274)
at org.testng.TestNG.runSuitesLocally(TestNG.java:1208)
at org.testng.TestNG.runSuites(TestNG.java:1112)
at org.testng.TestNG.run(TestNG.java:1079)
at org.testng.remote.AbstractRemoteTestNG.run(AbstractRemoteTestNG.java:115)
at org.testng.remote.RemoteTestNG.initAndRun(RemoteTestNG.java:293)
at org.testng.remote.RemoteTestNG.main(RemoteTestNG.java:91)
]]>
            </full-stacktrace>
          </exception> <!-- org.openqa.selenium.NoSuchWindowException -->
          <reporter-output>
          </reporter-output>
        </test-method> <!-- formtest -->
        <test-method signature="tearDown()[pri:14, instance:test.FormPageTest@1a245833]" started-at="2024-05-06T14:29:42 IST" name="tearDown" finished-at="2024-05-06T14:29:53 IST" duration-ms="10542" status="PASS">
          <reporter-output>
          </reporter-output>
        </test-method> <!-- tearDown -->
      </class> <!-- test.FormPageTest -->
      <class name="test.PractoHomeTest">
        <test-method signature="setUp(java.lang.String)[pri:1, instance:test.PractoHomeTest@7d900ecf]" started-at="2024-05-06T14:28:27 IST" name="setUp" finished-at="2024-05-06T14:28:49 IST" duration-ms="21732" status="PASS">
          <params>
            <param index="0">
              <value>
                <![CDATA[edge]]>
              </value>
            </param>
          </params>
          <reporter-output>
          </reporter-output>
        </test-method> <!-- setUp -->
        <test-method signature="searchDoctor()[pri:2, instance:test.PractoHomeTest@7d900ecf]" started-at="2024-05-06T14:28:49 IST" name="searchDoctor" finished-at="2024-05-06T14:28:54 IST" duration-ms="5285" status="PASS">
          <reporter-output>
          </reporter-output>
        </test-method> <!-- searchDoctor -->
      </class> <!-- test.PractoHomeTest -->
    </test> <!-- Test2 -->
  </suite> <!-- Suite -->
</testng-results>
